<?xml version="1.0" encoding="UTF-8"?>
<!-- Generated by org.testng.reporters.JUnitXMLReporter -->
<testsuite ignored="8" hostname="192.168.1.2" failures="0" tests="1" name="Default test" time="3.654" errors="0" timestamp="2024-01-03T17:27:18 IST">
  <testcase classname="com.xyz.petstore.tests.PetTest" name="verifyAddNewPet" time="2.831"/>
  <testcase classname="com.xyz.petstore.tests.PetTest" name="verifyFindByStatus2" time="0.0">
    <ignored/>
  </testcase> <!-- verifyFindByStatus2 -->
  <testcase classname="com.xyz.petstore.tests.PetTest" name="verifyPetId" time="0.0">
    <ignored/>
  </testcase> <!-- verifyPetId -->
  <testcase classname="com.xyz.petstore.tests.PetTest" name="verifyFindByStatus" time="0.0">
    <ignored/>
  </testcase> <!-- verifyFindByStatus -->
  <testcase classname="com.xyz.petstore.tests.PetTest" name="verifyAddNewPetImage" time="0.0">
    <ignored/>
  </testcase> <!-- verifyAddNewPetImage -->
  <testcase classname="com.xyz.petstore.tests.PetTest" name="verifyjsonSchema" time="0.0">
    <ignored/>
  </testcase> <!-- verifyjsonSchema -->
  <testcase classname="com.xyz.petstore.tests.PetTest" name="verifyFindByStatus3" time="0.0">
    <ignored/>
  </testcase> <!-- verifyFindByStatus3 -->
  <testcase classname="com.xyz.petstore.tests.PetTest" name="verifyDeletePetId" time="0.0">
    <ignored/>
  </testcase> <!-- verifyDeletePetId -->
  <testcase classname="com.xyz.petstore.tests.PetTest" name="verifyAddNewPet1" time="0.0">
    <ignored/>
  </testcase> <!-- verifyAddNewPet1 -->
</testsuite> <!-- Default test -->
